<?xml version="1.0" encoding="UTF-8"?>
<!-- Generated by org.testng.reporters.JUnitReportReporter -->
<testsuite skipped="0" hostname="DESKTOP-NRVKOD6" name="test.TestNGTest" tests="3" failures="0" timestamp="2021-07-03T12:48:14 CDT" time="29.210" errors="0">
  <testcase name="userShouldBeAbleToAddCategory" time="11.695" classname="test.TestNGTest"/>
  <system-out/>
  <testcase name="userShouldNotBeAbleToAddDuplicateCategory" time="8.884" classname="test.TestNGTest"/>
  <system-out/>
  <testcase name="dropdownShouldHaveAllMonths" time="8.631" classname="test.TestNGTest"/>
  <system-out/>
</testsuite> <!-- test.TestNGTest -->
